<?xml version="1.0" encoding="UTF-8"?>
<!-- Generated by org.testng.reporters.JUnitXMLReporter -->
<testsuite ignored="0" hostname="DESKTOP-DD2URVG" failures="1" tests="1" name="LoginTests(failed)" time="17.389" errors="0" timestamp="2025-05-08T21:56:18 IST">
  <testcase classname="testCases.TC002_LoginTest" name="verifylogin" time="12.559">
    <failure type="java.lang.AssertionError" message="expected [true] but found [false]">
      <![CDATA[java.lang.AssertionError: expected [true] but found [false]
at testCases.TC002_LoginTest.verifylogin(TC002_LoginTest.java:30)
at java.base/java.util.ArrayList.forEach(ArrayList.java:1596)
... Removed 29 stack frames]]>
    </failure>
  </testcase> <!-- verifylogin -->
</testsuite> <!-- LoginTests(failed) -->
